app/build/outputs/logs/manifest-merger-debug-report.txt
-- Merging decision tree log ---
manifest
ADDED from src/main/AndroidManifest.xml:2:1-35:12
	xmlns:android
		ADDED from src/main/AndroidManifest.xml:2:11-69
	package
		ADDED from src/main/AndroidManifest.xml:3:5-39
		INJECTED from src/main/AndroidManifest.xml
		INJECTED from src/main/AndroidManifest.xml
	android:versionName
		ADDED from src/main/AndroidManifest.xml:5:5-30
	android:versionCode
		ADDED from src/main/AndroidManifest.xml:4:5-28
		INJECTED from src/main/AndroidManifest.xml
		INJECTED from src/main/AndroidManifest.xml
uses-sdk
ADDED from src/main/AndroidManifest.xml:7:5-9:41
MERGED from [com.github.Almeros:android-gesture-detectors:1ffb8444ee] AndroidManifest.xml:7:5-9:41
	android:targetSdkVersion
		ADDED from src/main/AndroidManifest.xml:9:9-38
		INJECTED from src/main/AndroidManifest.xml
		INJECTED from src/main/AndroidManifest.xml
	android:minSdkVersion
		ADDED from src/main/AndroidManifest.xml:8:9-34
		INJECTED from src/main/AndroidManifest.xml
		INJECTED from src/main/AndroidManifest.xml
uses-configuration
ADDED from src/main/AndroidManifest.xml:11:5-59
MERGED from [com.github.Almeros:android-gesture-detectors:1ffb8444ee] AndroidManifest.xml:11:5-59
	android:reqTouchScreen
		ADDED from src/main/AndroidManifest.xml:11:25-56
uses-feature#android.hardware.touchscreen
ADDED from src/main/AndroidManifest.xml:13:5-15:35
MERGED from [com.github.Almeros:android-gesture-detectors:1ffb8444ee] AndroidManifest.xml:13:5-15:35
	android:required
		ADDED from src/main/AndroidManifest.xml:15:9-32
	android:name
		ADDED from src/main/AndroidManifest.xml:14:9-52
uses-feature#android.hardware.touchscreen.multitouch
ADDED from src/main/AndroidManifest.xml:16:5-18:35
MERGED from [com.github.Almeros:android-gesture-detectors:1ffb8444ee] AndroidManifest.xml:16:5-18:35
	android:required
		ADDED from src/main/AndroidManifest.xml:18:9-32
	android:name
		ADDED from src/main/AndroidManifest.xml:17:9-63
application
ADDED from src/main/AndroidManifest.xml:21:5-33:19
MERGED from [com.github.Almeros:android-gesture-detectors:1ffb8444ee] AndroidManifest.xml:20:5-20
	android:label
		ADDED from src/main/AndroidManifest.xml:22:9-41
	android:theme
		ADDED from src/main/AndroidManifest.xml:23:9-67
activity#com.dahuo.android.cinema.SelectMovieSeatActivity
ADDED from src/main/AndroidManifest.xml:24:9-32:20
	android:label
		ADDED from src/main/AndroidManifest.xml:26:13-45
	android:name
		ADDED from src/main/AndroidManifest.xml:25:13-76
intent-filter#android.intent.action.MAIN+android.intent.category.LAUNCHER
ADDED from src/main/AndroidManifest.xml:27:13-31:29
action#android.intent.action.MAIN
ADDED from src/main/AndroidManifest.xml:28:17-69
	android:name
		ADDED from src/main/AndroidManifest.xml:28:25-66
category#android.intent.category.LAUNCHER
ADDED from src/main/AndroidManifest.xml:30:17-77
	android:name
		ADDED from src/main/AndroidManifest.xml:30:27-74